<?xml version="1.0" encoding="utf-8"?>
<testsuites>
  <testsuite name="pytest" errors="0" failures="1" skipped="0" tests="2" time="0.234" timestamp="2025-10-15T00:00:00">
    <testcase classname="tests.test_calc" name="test_divide" time="0.001"/>
    <testcase classname="tests.test_calc" name="test_multiply" time="0.001">
      <failure message="assert 6 == 7">def test_multiply():
&gt;       assert 2 * 3 == 7
E       assert 6 == 7

tests/test_calc.py:5: AssertionError</failure>
    </testcase>
  </testsuite>
</testsuites>
